1508788315.785468 client started (91492): version 2.5, socket /tmp/tmux-14977/default, protocol 8
1508788315.785501 on Linux 2.6.32-642.3.1.el6.x86_64 #1 SMP Sun Jun 26 18:16:44 EDT 2016; libevent 2.0.22-stable (poll)
1508788315.785539 socket is /tmp/tmux-14977/default
1508788315.785553 trying connect
1508788315.785668 add peer 0xa07e30: 6 ((nil))
1508788315.785755 sending message 100 to peer 0xa07e30 (4 bytes)
1508788315.785768 sending message 101 to peer 0xa07e30 (15 bytes)
1508788315.785775 sending message 102 to peer 0xa07e30 (13 bytes)
1508788315.785781 sending message 108 to peer 0xa07e30 (25 bytes)
1508788315.785788 sending message 104 to peer 0xa07e30 (0 bytes)
1508788315.785795 sending message 107 to peer 0xa07e30 (4 bytes)
1508788315.785800 sending message 105 to peer 0xa07e30 (25 bytes)
1508788315.785805 sending message 105 to peer 0xa07e30 (13 bytes)
1508788315.785811 sending message 105 to peer 0xa07e30 (133 bytes)
1508788315.785817 sending message 105 to peer 0xa07e30 (51 bytes)
1508788315.785823 sending message 105 to peer 0xa07e30 (22 bytes)
1508788315.785828 sending message 105 to peer 0xa07e30 (23 bytes)
1508788315.785834 sending message 105 to peer 0xa07e30 (11 bytes)
1508788315.785839 sending message 105 to peer 0xa07e30 (25 bytes)
1508788315.785844 sending message 105 to peer 0xa07e30 (55 bytes)
1508788315.785850 sending message 105 to peer 0xa07e30 (41 bytes)
1508788315.785855 sending message 105 to peer 0xa07e30 (163 bytes)
1508788315.785860 sending message 105 to peer 0xa07e30 (99 bytes)
1508788315.785865 sending message 105 to peer 0xa07e30 (28 bytes)
1508788315.785870 sending message 105 to peer 0xa07e30 (79 bytes)
1508788315.785876 sending message 105 to peer 0xa07e30 (465 bytes)
1508788315.785881 sending message 105 to peer 0xa07e30 (39 bytes)
1508788315.785886 sending message 105 to peer 0xa07e30 (36 bytes)
1508788315.785891 sending message 105 to peer 0xa07e30 (14 bytes)
1508788315.785896 sending message 105 to peer 0xa07e30 (19 bytes)
1508788315.785901 sending message 105 to peer 0xa07e30 (24 bytes)
1508788315.785907 sending message 105 to peer 0xa07e30 (45 bytes)
1508788315.785913 sending message 105 to peer 0xa07e30 (44 bytes)
1508788315.785918 sending message 105 to peer 0xa07e30 (11 bytes)
1508788315.785923 sending message 105 to peer 0xa07e30 (45 bytes)
1508788315.785929 sending message 105 to peer 0xa07e30 (17 bytes)
1508788315.785937 sending message 105 to peer 0xa07e30 (19 bytes)
1508788315.785943 sending message 105 to peer 0xa07e30 (21 bytes)
1508788315.785948 sending message 105 to peer 0xa07e30 (16 bytes)
1508788315.785953 sending message 105 to peer 0xa07e30 (23 bytes)
1508788315.785959 sending message 105 to peer 0xa07e30 (14 bytes)
1508788315.785964 sending message 105 to peer 0xa07e30 (267 bytes)
1508788315.785969 sending message 105 to peer 0xa07e30 (24 bytes)
1508788315.785974 sending message 105 to peer 0xa07e30 (17 bytes)
1508788315.785980 sending message 105 to peer 0xa07e30 (460 bytes)
1508788315.785985 sending message 105 to peer 0xa07e30 (86 bytes)
1508788315.785991 sending message 105 to peer 0xa07e30 (16 bytes)
1508788315.785996 sending message 105 to peer 0xa07e30 (36 bytes)
1508788315.786000 sending message 105 to peer 0xa07e30 (172 bytes)
1508788315.786006 sending message 105 to peer 0xa07e30 (34 bytes)
1508788315.786011 sending message 105 to peer 0xa07e30 (32 bytes)
1508788315.786016 sending message 105 to peer 0xa07e30 (19 bytes)
1508788315.786021 sending message 105 to peer 0xa07e30 (27 bytes)
1508788315.786026 sending message 105 to peer 0xa07e30 (107 bytes)
1508788315.786031 sending message 105 to peer 0xa07e30 (14 bytes)
1508788315.786037 sending message 105 to peer 0xa07e30 (36 bytes)
1508788315.786045 sending message 105 to peer 0xa07e30 (22 bytes)
1508788315.786051 sending message 105 to peer 0xa07e30 (8 bytes)
1508788315.786056 sending message 105 to peer 0xa07e30 (33 bytes)
1508788315.786061 sending message 105 to peer 0xa07e30 (52 bytes)
1508788315.786067 sending message 105 to peer 0xa07e30 (14 bytes)
1508788315.786072 sending message 105 to peer 0xa07e30 (20 bytes)
1508788315.786082 sending message 105 to peer 0xa07e30 (20 bytes)
1508788315.786087 sending message 105 to peer 0xa07e30 (37 bytes)
1508788315.786092 sending message 105 to peer 0xa07e30 (13 bytes)
1508788315.786098 sending message 105 to peer 0xa07e30 (31 bytes)
1508788315.786103 sending message 105 to peer 0xa07e30 (24 bytes)
1508788315.786108 sending message 105 to peer 0xa07e30 (62 bytes)
1508788315.786113 sending message 105 to peer 0xa07e30 (20 bytes)
1508788315.786119 sending message 105 to peer 0xa07e30 (13 bytes)
1508788315.786124 sending message 105 to peer 0xa07e30 (17 bytes)
1508788315.786129 sending message 105 to peer 0xa07e30 (63 bytes)
1508788315.786134 sending message 105 to peer 0xa07e30 (25 bytes)
1508788315.786139 sending message 105 to peer 0xa07e30 (25 bytes)
1508788315.786144 sending message 105 to peer 0xa07e30 (36 bytes)
1508788315.786149 sending message 105 to peer 0xa07e30 (19 bytes)
1508788315.786154 sending message 105 to peer 0xa07e30 (29 bytes)
1508788315.786159 sending message 105 to peer 0xa07e30 (23 bytes)
1508788315.786164 sending message 105 to peer 0xa07e30 (36 bytes)
1508788315.786170 sending message 105 to peer 0xa07e30 (44 bytes)
1508788315.786175 sending message 105 to peer 0xa07e30 (45 bytes)
1508788315.786180 sending message 105 to peer 0xa07e30 (109 bytes)
1508788315.786188 sending message 105 to peer 0xa07e30 (231 bytes)
1508788315.786194 sending message 105 to peer 0xa07e30 (21 bytes)
1508788315.786199 sending message 105 to peer 0xa07e30 (16 bytes)
1508788315.786204 sending message 106 to peer 0xa07e30 (0 bytes)
1508788315.786212 sending message 200 to peer 0xa07e30 (4 bytes)
1508788315.786218 client loop enter
1508788315.788956 peer 0xa07e30 message 211
1508788315.788970 peer 0xa07e30 message 203
1508788315.788974 client loop exit
